<?xml version="1.0" encoding="UTF-8"?>
<!-- Generated by org.testng.reporters.JUnitXMLReporter -->
<testsuite ignored="0" hostname="Akash" failures="0" tests="2" name="Default test" time="9.28" errors="0" timestamp="2023-09-12T11:42:10 IST">
  <testcase classname="test.CheckOutOverviewPageTest" name="verifyProductPriceFromCheckOutOverViewPage" time="1.565"/>
  <testcase classname="test.CheckOutOverviewPageTest" name="verifyUserIsAbleTofinishOrder" time="1.611"/>
</testsuite> <!-- Default test -->
