<?xml version="1.0" encoding="UTF-8"?>
<!-- Generated by org.testng.reporters.JUnitXMLReporter -->
<testsuite ignored="3" hostname="Akash" failures="0" tests="1" name="Default test" time="2.778" errors="0" timestamp="2023-09-12T18:39:13 IST">
  <testcase classname="test.LoginPageTest" name="verifyUserIsAbleToLoginWith_locked_out_user" time="0.21"/>
  <testcase classname="test.LoginPageTest" name="verifyUserIsAbleToLoginWith_performance_glitch_user" time="0.0">
    <ignored/>
  </testcase> <!-- verifyUserIsAbleToLoginWith_performance_glitch_user -->
  <testcase classname="test.LoginPageTest" name="verifyUserIsAbleToLoginWithStanderdUser" time="0.0">
    <ignored/>
  </testcase> <!-- verifyUserIsAbleToLoginWithStanderdUser -->
  <testcase classname="test.LoginPageTest" name="verifyUserIsAbleToLoginWith_problem_user" time="0.0">
    <ignored/>
  </testcase> <!-- verifyUserIsAbleToLoginWith_problem_user -->
</testsuite> <!-- Default test -->
