<?xml version="1.0" encoding="UTF-8"?>
<testng-results ignored="0" total="1" passed="1" failed="0" skipped="0">
  <reporter-output>
  </reporter-output>
  <suite started-at="2023-09-12T18:39:10 IST" name="Default suite" finished-at="2023-09-12T18:39:13 IST" duration-ms="2778">
    <groups>
    </groups>
    <test started-at="2023-09-12T18:39:10 IST" name="Default test" finished-at="2023-09-12T18:39:13 IST" duration-ms="2778">
      <class name="test.LoginPageTest">
        <test-method is-config="true" signature="openChrome()[pri:0, instance:test.LoginPageTest@2d1ef81a]" started-at="2023-09-12T18:39:10 IST" name="openChrome" finished-at="2023-09-12T18:39:12 IST" duration-ms="2540" status="PASS">
          <reporter-output>
          </reporter-output>
        </test-method> <!-- openChrome -->
        <test-method signature="verifyUserIsAbleToLoginWith_locked_out_user()[pri:1, instance:test.LoginPageTest@2d1ef81a]" started-at="2023-09-12T18:39:12 IST" name="verifyUserIsAbleToLoginWith_locked_out_user" finished-at="2023-09-12T18:39:13 IST" duration-ms="210" status="PASS">
          <reporter-output>
          </reporter-output>
        </test-method> <!-- verifyUserIsAbleToLoginWith_locked_out_user -->
      </class> <!-- test.LoginPageTest -->
    </test> <!-- Default test -->
  </suite> <!-- Default suite -->
</testng-results>
